number,value,datetime_start,datetime_complete,duration,params_colsample_bytree,params_learning_rate,params_max_depth,params_n_estimators,params_subsample,state
0,0.892641544342041,2026-07-18 13:17:01.747737,2026-07-18 13:17:04.009184,0 days 00:00:02.261447,0.5780093202212182,0.19063571821788408,8,250,0.7993292420985183,COMPLETE
1,0.8784802794456482,2026-07-18 13:17:04.010704,2026-07-18 13:17:05.886468,0 days 00:00:01.875764,0.8540362888980227,0.021035886311957897,9,162,0.8005575058716043,COMPLETE
2,0.8789493560791015,2026-07-18 13:17:05.887709,2026-07-18 13:17:06.988787,0 days 00:00:01.101078,0.5909124836035503,0.19428287191077892,9,108,0.6061695553391381,COMPLETE
3,0.8997560739517212,2026-07-18 13:17:06.990028,2026-07-18 13:17:08.089959,0 days 00:00:01.099931,0.645614570099021,0.06780602616231217,7,173,0.7159725093210578,COMPLETE
4,0.9142366290092468,2026-07-18 13:17:08.091247,2026-07-18 13:17:09.412898,0 days 00:00:01.321651,0.728034992108518,0.036503833523887946,5,345,0.6831809216468459,COMPLETE
5,0.898265254497528,2026-07-18 13:17:09.414202,2026-07-18 13:17:11.638155,0 days 00:00:02.223953,0.5232252063599989,0.047938018610088354,7,414,0.7962072844310213,COMPLETE
6,0.9111342668533325,2026-07-18 13:17:11.639547,2026-07-18 13:17:12.501835,0 days 00:00:00.862288,0.9828160165372797,0.04239958350058539,3,343,0.9744427686266666,COMPLETE
7,0.9166707396507263,2026-07-18 13:17:12.503282,2026-07-18 13:17:13.522209,0 days 00:00:01.018927,0.7200762468698007,0.06787661614294042,3,424,0.8421165132560784,COMPLETE
8,0.9103086709976196,2026-07-18 13:17:13.523453,2026-07-18 13:17:13.989581,0 days 00:00:00.466128,0.6293899908000085,0.10408361292114134,3,148,0.954660201039391,COMPLETE
9,0.8998845815658569,2026-07-18 13:17:13.990847,2026-07-18 13:17:16.262177,0 days 00:00:02.271330,0.5924272277627636,0.06922510445698808,7,365,0.7733551396716398,COMPLETE
10,0.8995119810104371,2026-07-18 13:17:16.263777,2026-07-18 13:17:18.378216,0 days 00:00:02.114439,0.7828065453407016,0.1429762518851035,5,488,0.5089809378074099,COMPLETE
11,0.9037517070770263,2026-07-18 13:17:18.379668,2026-07-18 13:17:19.684302,0 days 00:00:01.304634,0.7311187398797386,0.10221478747059218,5,304,0.6657064137137337,COMPLETE
12,0.9044394016265869,2026-07-18 13:17:19.685840,2026-07-18 13:17:21.520939,0 days 00:00:01.835099,0.7363570033289742,0.011427426284710853,5,444,0.9102839900664857,COMPLETE
13,0.9063321471214294,2026-07-18 13:17:21.522466,2026-07-18 13:17:22.842265,0 days 00:00:01.319799,0.8440221760538485,0.09115133807033306,4,402,0.8686202764096398,COMPLETE
14,0.9074494004249573,2026-07-18 13:17:22.843781,2026-07-18 13:17:23.789857,0 days 00:00:00.946076,0.6842432263357744,0.141011954212922,4,273,0.6053709433747049,COMPLETE
15,0.9107407212257386,2026-07-18 13:17:23.791155,2026-07-18 13:17:26.219436,0 days 00:00:02.428281,0.8304278626461432,0.03896197807106922,6,496,0.7008008395433838,COMPLETE
16,0.9125637531280517,2026-07-18 13:17:26.220881,2026-07-18 13:17:27.393313,0 days 00:00:01.172432,0.930483684284034,0.07287414799465339,4,349,0.8629077960359017,COMPLETE
17,0.9139551639556884,2026-07-18 13:17:27.394889,2026-07-18 13:17:28.118276,0 days 00:00:00.723387,0.7157182087441658,0.12444384578523507,3,227,0.5694064187762938,COMPLETE
18,0.910561740398407,2026-07-18 13:17:28.121833,2026-07-18 13:17:30.170549,0 days 00:00:02.048716,0.7970647259376671,0.033474770997215963,6,424,0.7318263983457369,COMPLETE
19,0.8949486374855041,2026-07-18 13:17:30.171891,2026-07-18 13:17:34.802530,0 days 00:00:04.630639,0.9072950643400715,0.06074876443213476,10,326,0.6563730534075952,COMPLETE
20,0.9071809768676757,2026-07-18 13:17:34.804008,2026-07-18 13:17:36.207157,0 days 00:00:01.403149,0.7714628684804521,0.0864194285242593,4,462,0.8715181956637861,COMPLETE
21,0.907636535167694,2026-07-18 13:17:36.208592,2026-07-18 13:17:36.936113,0 days 00:00:00.727521,0.70152911828753,0.11727792601887455,3,224,0.5157413738318062,COMPLETE
22,0.908456540107727,2026-07-18 13:17:36.937439,2026-07-18 13:17:38.015122,0 days 00:00:01.077683,0.6624788320127042,0.1693587330792659,3,389,0.5638372663706472,COMPLETE
23,0.9076340913772583,2026-07-18 13:17:38.016465,2026-07-18 13:17:39.022734,0 days 00:00:01.006269,0.7191189606970313,0.1276212797012003,4,297,0.5850834568800758,COMPLETE
24,0.9038135528564453,2026-07-18 13:17:39.024038,2026-07-18 13:17:39.883209,0 days 00:00:00.859171,0.7539288123723557,0.16133095089899996,5,202,0.6497087359382301,COMPLETE
25,0.9158530712127686,2026-07-18 13:17:39.884535,2026-07-18 13:17:40.908006,0 days 00:00:01.023471,0.6820916109479389,0.05650260144914813,3,368,0.548595668202572,COMPLETE
26,0.9053334712982177,2026-07-18 13:17:40.909429,2026-07-18 13:17:42.648710,0 days 00:00:01.739281,0.6233517307942157,0.05287495153375509,6,374,0.7536826203488807,COMPLETE
27,0.9110135078430176,2026-07-18 13:17:42.650073,2026-07-18 13:17:44.136007,0 days 00:00:01.485934,0.5216785479616793,0.0274124899631017,4,443,0.5360093987515411,COMPLETE
28,0.916732656955719,2026-07-18 13:17:44.137439,2026-07-18 13:17:45.010461,0 days 00:00:00.873022,0.6728287998259468,0.08345953515390767,3,325,0.8342885334272578,COMPLETE
29,0.9142753601074218,2026-07-18 13:17:45.011779,2026-07-18 13:17:45.773690,0 days 00:00:00.761911,0.556575757223256,0.08240387188379543,3,264,0.9116497436315674,COMPLETE
30,0.9161071300506591,2026-07-18 13:17:45.775036,2026-07-18 13:17:46.648057,0 days 00:00:00.873021,0.6706480226850573,0.09935308088483621,3,307,0.8222729264662906,COMPLETE
31,0.9179544568061828,2026-07-18 13:17:46.649229,2026-07-18 13:17:47.518271,0 days 00:00:00.869042,0.677400253217872,0.10166804147641012,3,307,0.8293948872008856,COMPLETE
32,0.9168124794960022,2026-07-18 13:17:47.519536,2026-07-18 13:17:48.314693,0 days 00:00:00.795157,0.6584176056288116,0.10244769330250483,3,291,0.829771852439209,COMPLETE
33,0.9180465698242187,2026-07-18 13:17:48.316089,2026-07-18 13:17:49.184243,0 days 00:00:00.868154,0.6181657969226431,0.1143449055022902,4,268,0.8408785710436646,COMPLETE
34,0.9161182522773743,2026-07-18 13:17:49.185564,2026-07-18 13:17:50.058318,0 days 00:00:00.872754,0.5781133640354488,0.10992694953727024,4,269,0.9116849390343834,COMPLETE
35,0.9122548222541809,2026-07-18 13:17:50.059643,2026-07-18 13:17:51.008251,0 days 00:00:00.948608,0.6084015635269279,0.09086926740965795,4,282,0.8187525294291718,COMPLETE
36,0.9124320268630981,2026-07-18 13:17:51.009420,2026-07-18 13:17:51.780364,0 days 00:00:00.770944,0.5518854961473385,0.13627649269832345,4,234,0.7811988898279607,COMPLETE
37,0.9095701694488525,2026-07-18 13:17:51.781712,2026-07-18 13:17:52.683707,0 days 00:00:00.901995,0.644685348183765,0.15514043420390133,3,324,0.8396055777138034,COMPLETE
38,0.9114090085029602,2026-07-18 13:17:52.685035,2026-07-18 13:17:53.328156,0 days 00:00:00.643121,0.6456153221645162,0.08105586597348369,3,195,0.8956664679881771,COMPLETE
39,0.9053325891494751,2026-07-18 13:17:53.329472,2026-07-18 13:17:54.298323,0 days 00:00:00.968851,0.6042738461058428,0.11353746202372803,5,240,0.9531016429611189,COMPLETE
40,0.8950083255767822,2026-07-18 13:17:54.299660,2026-07-18 13:17:56.901007,0 days 00:00:02.601347,0.5631138246632457,0.12384341116696856,8,326,0.8000793047294961,COMPLETE
41,0.9154700756072998,2026-07-18 13:17:56.902611,2026-07-18 13:17:57.742459,0 days 00:00:00.839848,0.7039849829490854,0.07420743648832079,3,293,0.842093597425153,COMPLETE
42,0.9115965366363525,2026-07-18 13:17:57.743786,2026-07-18 13:17:58.552992,0 days 00:00:00.809206,0.6548536106033342,0.09734749215183525,3,254,0.7631700029865047,COMPLETE
43,0.9085903286933898,2026-07-18 13:17:58.554325,2026-07-18 13:17:59.138093,0 days 00:00:00.583768,0.684929978113086,0.06598799291548825,4,127,0.8185337201231152,COMPLETE
44,0.9170018911361695,2026-07-18 13:17:59.139415,2026-07-18 13:18:00.158422,0 days 00:00:01.019007,0.7501676232559613,0.10827013509338272,3,340,0.8875465126435319,COMPLETE
45,0.914538049697876,2026-07-18 13:18:00.159723,2026-07-18 13:18:01.162319,0 days 00:00:01.002596,0.8088851336040126,0.10920656109331167,3,346,0.8909778240767329,COMPLETE
46,0.9138763666152954,2026-07-18 13:18:01.163766,2026-07-18 13:18:02.094341,0 days 00:00:00.930575,0.6235379590446816,0.13291623226715246,4,303,0.9550929679348481,COMPLETE
47,0.9088465929031372,2026-07-18 13:18:02.095721,2026-07-18 13:18:03.351512,0 days 00:00:01.255791,0.7633301624697988,0.09686339291338346,5,317,0.9314452813733257,COMPLETE
48,0.9171987891197204,2026-07-18 13:18:03.352885,2026-07-18 13:18:04.337011,0 days 00:00:00.984126,0.7416570025265068,0.10649925908463159,3,354,0.856337317371585,COMPLETE
49,0.9117798686027527,2026-07-18 13:18:04.338331,2026-07-18 13:18:05.266419,0 days 00:00:00.928088,0.7389242943248171,0.11710552279720997,4,285,0.8683835269852284,COMPLETE
